<?xml version="1.0" encoding="UTF-8"?>
<testng-results ignored="8" total="11" passed="3" failed="0" skipped="0">
  <reporter-output>
  </reporter-output>
  <suite started-at="2023-04-15T16:34:58 BDT" name="Loan Department" finished-at="2023-04-15T16:34:58 BDT" duration-ms="43">
    <groups>
      <group name="smoke">
        <method signature="Practice2.ploan()[pri:0, instance:Test.Practice2@418e7838]" name="ploan" class="Test.Practice2"/>
        <method signature="Practice3.MobileLoginCarLoan()[pri:0, instance:Test.Practice3@cd3fee8]" name="MobileLoginCarLoan" class="Test.Practice3"/>
        <method signature="Practice4.MobileLoginHomeLoan()[pri:0, instance:Test.Practice4@3e2e18f2]" name="MobileLoginHomeLoan" class="Test.Practice4"/>
      </group> <!-- smoke -->
    </groups>
    <test started-at="2023-04-15T16:34:58 BDT" name="Regression" finished-at="2023-04-15T16:34:58 BDT" duration-ms="43">
      <class name="Test.Practice2">
        <test-method signature="ploan()[pri:0, instance:Test.Practice2@418e7838]" started-at="2023-04-15T16:34:58 BDT" name="ploan" finished-at="2023-04-15T16:34:58 BDT" duration-ms="12" status="PASS">
          <reporter-output>
          </reporter-output>
        </test-method> <!-- ploan -->
      </class> <!-- Test.Practice2 -->
      <class name="Test.Practice4">
        <test-method signature="MobileLoginHomeLoan()[pri:0, instance:Test.Practice4@3e2e18f2]" started-at="2023-04-15T16:34:58 BDT" name="MobileLoginHomeLoan" finished-at="2023-04-15T16:34:58 BDT" duration-ms="1" status="PASS">
          <reporter-output>
          </reporter-output>
        </test-method> <!-- MobileLoginHomeLoan -->
      </class> <!-- Test.Practice4 -->
      <class name="Test.Practice3">
        <test-method signature="MobileLoginCarLoan()[pri:0, instance:Test.Practice3@cd3fee8]" started-at="2023-04-15T16:34:58 BDT" name="MobileLoginCarLoan" finished-at="2023-04-15T16:34:58 BDT" duration-ms="1" status="PASS">
          <reporter-output>
          </reporter-output>
        </test-method> <!-- MobileLoginCarLoan -->
      </class> <!-- Test.Practice3 -->
    </test> <!-- Regression -->
  </suite> <!-- Loan Department -->
</testng-results>
