<?xml version="1.0" encoding="UTF-8"?>
<!-- Generated by org.testng.reporters.JUnitXMLReporter -->
<testsuite ignored="2" hostname="Abegh-PC" failures="0" tests="5" name="Car Loan" time="0.016" errors="0" timestamp="2022-11-11T18:52:46 BDT">
  <testcase classname="Test.Practice3" name="MobileLoginCarLoan" time="0.001"/>
  <testcase classname="Test.Practice3" name="MobileSignoutCarLoan" time="0.002"/>
  <testcase classname="Test.Practice3" name="MobileSignoutCarLoan" time="0.0"/>
  <testcase classname="Test.Practice3" name="MobileSignoutCarLoan" time="0.001"/>
  <testcase classname="Test.Practice3" name="WebLoginCarLoan" time="0.002"/>
  <testcase classname="Test.Practice3" name="APICarLoan" time="0.0">
    <ignored/>
  </testcase> <!-- APICarLoan -->
  <testcase classname="Test.Practice3" name="MobileSigninCarLoan" time="0.0">
    <ignored/>
  </testcase> <!-- MobileSigninCarLoan -->
</testsuite> <!-- Car Loan -->
