<?xml version="1.0" encoding="UTF-8"?>
<!-- Generated by org.testng.reporters.JUnitXMLReporter -->
<testsuite ignored="0" hostname="Abegh-PC" failures="0" tests="3" name="Home Loan" time="0.015" errors="0" timestamp="2023-04-15T16:05:24 BDT">
  <testcase classname="Test.Practice4" name="LoginAPIHomeLoan" time="0.001"/>
  <testcase classname="Test.Practice4" name="MobileLoginHomeLoan" time="0.001"/>
  <testcase classname="Test.Practice4" name="WebLoginHomeLoan" time="0.002"/>
</testsuite> <!-- Home Loan -->
