<?xml version="1.0" encoding="UTF-8"?>
<!-- Generated by org.testng.reporters.JUnitXMLReporter -->
<testsuite ignored="1" hostname="Abegh-PC" failures="0" tests="2" name="Personal Loan" time="0.036" errors="0" timestamp="2023-04-15T16:05:24 BDT">
  <testcase classname="Test.Practice1" name="Demo" time="0.015"/>
  <testcase classname="Test.Practice2" name="ploan" time="0.001"/>
  <testcase classname="Test.Practice1" name="SecondTest" time="0.0">
    <ignored/>
  </testcase> <!-- SecondTest -->
</testsuite> <!-- Personal Loan -->
