<?xml version="1.0" encoding="UTF-8"?>
<testng-results ignored="0" total="3" passed="3" failed="0" skipped="0">
  <reporter-output>
  </reporter-output>
  <suite started-at="2023-06-09T00:51:49 BDT" name="Suite" finished-at="2023-06-09T00:52:34 BDT" duration-ms="45733">
    <groups>
    </groups>
    <test started-at="2023-06-09T00:51:49 BDT" name="Test" finished-at="2023-06-09T00:52:34 BDT" duration-ms="45733">
      <class name="Docker.FirefoxTest">
        <test-method signature="test2()[pri:0, instance:Docker.FirefoxTest@1139b2f3]" started-at="2023-06-09T00:51:49 BDT" name="test2" finished-at="2023-06-09T00:52:34 BDT" duration-ms="45702" status="PASS">
          <reporter-output>
          </reporter-output>
        </test-method> <!-- test2 -->
      </class> <!-- Docker.FirefoxTest -->
      <class name="Docker.ChromeTest">
        <test-method signature="test1()[pri:0, instance:Docker.ChromeTest@1725dc0f]" started-at="2023-06-09T00:51:49 BDT" name="test1" finished-at="2023-06-09T00:52:02 BDT" duration-ms="13521" status="PASS">
          <reporter-output>
          </reporter-output>
        </test-method> <!-- test1 -->
      </class> <!-- Docker.ChromeTest -->
      <class name="Docker.EdgeTest">
        <test-method signature="test3()[pri:0, instance:Docker.EdgeTest@3911c2a7]" started-at="2023-06-09T00:51:49 BDT" name="test3" finished-at="2023-06-09T00:52:05 BDT" duration-ms="16408" status="PASS">
          <reporter-output>
          </reporter-output>
        </test-method> <!-- test3 -->
      </class> <!-- Docker.EdgeTest -->
    </test> <!-- Test -->
  </suite> <!-- Suite -->
</testng-results>
